titrate(NeuronalBilayerSonophore(32.0 nm, CorticalRS), 500000.0, 0.06, 0.05, 100.0, 1.0, 'sonic')	46270.75195312497
titrate(NeuronalBilayerSonophore(32.0 nm, CorticalRS), 500000.0, 1.0, 0.0, 100.0, 0.4, 'sonic')	55572.50976562497
titrate(NeuronalBilayerSonophore(32.0 nm, CorticalRS), 500000.0, 1.0, 0.0, 100.0, 0.6, 'sonic')	38813.78173828122
titrate(NeuronalBilayerSonophore(32.0 nm, CorticalRS), 500000.0, 1.0, 0.0, 100.0, 0.8, 'sonic')	33174.133300781235
titrate(NeuronalBilayerSonophore(32.0 nm, CorticalRS), 500000.0, 0.10400000000000001, 0.0, 100.0, 1.0, 'sonic')	40338.13476562497
titrate(NeuronalBilayerSonophore(32.0 nm, CorticalRS), 500000.0, 0.105, 0.0, 100.0, 1.0, 'sonic')	40205.38330078122
titrate(NeuronalBilayerSonophore(32.0 nm, OtsukaSTN), 500000.0, 1.0, 0.0, 100.0, 0.8, 'sonic')	nan
titrate(NeuronalBilayerSonophore(32.0 nm, OtsukaSTN), 500000.0, 1.0, 0.0, 100.0, 0.6, 'sonic')	nan
titrate(NeuronalBilayerSonophore(32.0 nm, OtsukaSTN), 500000.0, 1.0, 0.0, 100.0, 1.0, 'sonic')	19830.322265625
titrate(NeuronalBilayerSonophore(32.0 nm, OtsukaSTN), 500000.0, 1.0, 0.0, 100.0, 0.2, 'sonic')	nan
titrate(NeuronalBilayerSonophore(32.0 nm, CorticalRS), 500000.0, 1.0, 0.0, 100.0, 0.2, 'sonic')	nan
titrate(NeuronalBilayerSonophore(32.0 nm, CorticalRS), 500000.0, 1.0, 0.0, 100.0, 1.0, 'sonic')	nan
titrate(NeuronalBilayerSonophore(32.0 nm, OtsukaSTN), 500000.0, 0.7000000000000001, 0.0, 100.0, 1.0, 'sonic')	19830.322265624985
titrate(NeuronalBilayerSonophore(32.0 nm, CorticalRS), 500000.0, 0.1, 0.05, 100.0, 1.0, 'sonic')	38635.25390624997
titrate(NeuronalBilayerSonophore(32.0 nm, CorticalRS), 500000.0, 0.1, 0.05, 100.0, 1.0, 0.9, 'sonic')	46211.24267578122
titrate(NeuronalBilayerSonophore(32.0 nm, CorticalRS), 500000.0, 0.1, 0.05, 100.0, 1.0, 0.5, 'sonic')	nan
titrate(NeuronalBilayerSonophore(32.0 nm, CorticalRS), 500000.0, 0.1, 0.05, 100.0, 1.0, 1.0, 'sonic')	38800.04882812497
titrate(NeuronalBilayerSonophore(32.0 nm, CorticalRS), 501000.0, 0.1, 0.05, 100.0, 1.0, 1.0, 'sonic')	38800.04882812497
titrate(NeuronalBilayerSonophore(32.0 nm, CorticalRS), 500000.0, 0.1, 0.05, 100.0, 0.13, 1.0, 'sonic')	nan
titrate(NeuronalBilayerSonophore(32.0 nm, CorticalRS), 500000.0, 0.1, 0.05, 100.0, 0.11, 1.0, 'sonic')	nan
titrate(NeuronalBilayerSonophore(32.0 nm, CorticalRS), 500000.0, 0.1, 0.05, 100.0, 0.34, 1.0, 'sonic')	126544.18945312494
titrate(NeuronalBilayerSonophore(32.0 nm, CorticalFS), 500000.0, 1.0, 0.0, 100.0, 0.01, 1.0, 'sonic')	nan
titrate(NeuronalBilayerSonophore(32.0 nm, CorticalFS), 500000.0, 1.0, 0.0, 100.0, 0.02, 1.0, 'sonic')	nan
titrate(NeuronalBilayerSonophore(32.0 nm, CorticalFS), 500000.0, 1.0, 0.0, 100.0, 0.03, 1.0, 'sonic')	nan
titrate(NeuronalBilayerSonophore(32.0 nm, CorticalRS), 500000.0, 0.10300000000000001, 0.05, 100.0, 1.0, 1.0, 'sonic')	38562.01171874997
titrate(NeuronalBilayerSonophore(32.0 nm, CorticalRS), 500000.0, 0.10400000000000001, 0.05, 100.0, 1.0, 1.0, 'sonic')	38488.76953124997
titrate(NeuronalBilayerSonophore(32.0 nm, CorticalRS), 500000.0, 0.105, 0.05, 100.0, 1.0, 1.0, 'sonic')	38374.32861328122
titrate(NeuronalBilayerSonophore(32.0 nm, CorticalRS), 500000.0, 0.095, 0.05, 100.0, 1.0, 1.0, 'sonic')	39294.43359374997
titrate(NeuronalBilayerSonophore(32.0 nm, CorticalRS), 500000.0, 0.065, 0.05, 100.0, 1.0, 1.0, 'sonic')	44567.87109374997
titrate(NeuronalBilayerSonophore(32.0 nm, CorticalRS), 500000.0, 0.061, 0.05, 100.0, 1.0, 1.0, 'sonic')	45904.54101562497
titrate(NeuronalBilayerSonophore(32.0 nm, CorticalRS), 500000.0, 0.101, 0.05, 100.0, 1.0, 1.0, 'sonic')	38708.49609374997
titrate(NeuronalBilayerSonophore(32.0 nm, CorticalRS), 20000.0, 0.15, 0.1)	35430.908203124985
titrate(NeuronalBilayerSonophore(32.0 nm, CorticalRS), 100000.0, 0.15, 0.1)	35559.082031249985
titrate(NeuronalBilayerSonophore(32.0 nm, CorticalRS), 500000.0, 0.15, 0.1)	36099.243164062485
titrate(NeuronalBilayerSonophore(32.0 nm, CorticalRS), 1000000.0, 0.15, 0.1)	37023.925781249985
titrate(NeuronalBilayerSonophore(32.0 nm, CorticalRS), 2000000.0, 0.15, 0.1)	39166.25976562497
titrate(NeuronalBilayerSonophore(32.0 nm, CorticalRS), 3000000.0, 0.15, 0.1)	41491.69921874997
titrate(NeuronalBilayerSonophore(32.0 nm, CorticalRS), 4000000.0, 0.15, 0.1)	44201.66015624997
titrate(NeuronalBilayerSonophore(16.0 nm, CorticalRS), 500000.0, 0.15, 0.1)	75988.76953124994
titrate(NeuronalBilayerSonophore(22.6 nm, CorticalRS), 500000.0, 0.15, 0.1)	45254.51660156247
titrate(NeuronalBilayerSonophore(45.3 nm, CorticalRS), 500000.0, 0.15, 0.1)	34826.660156249985
titrate(NeuronalBilayerSonophore(64.0 nm, CorticalRS), 500000.0, 0.15, 0.1)	33755.493164062485
titrate(NeuronalBilayerSonophore(32.0 nm, CorticalRS), 500000.0, 0.1, 0.05, 100.0, 0.02, 1.0, 'sonic')	nan
