<bound method NeuronalBilayerSonophore.isExcited of NeuronalBilayerSonophore(32.0 nm, CorticalRS)> (500000.0, 0.03, 0.05, 100.0, 1.0, sonic) (0, 599999.9999999997) 100.0	80181.88476562494
<bound method NeuronalBilayerSonophore.isExcited of NeuronalBilayerSonophore(32.0 nm, CorticalRS)> (500000.0, 0.04, 0.05, 100.0, 1.0, sonic) (0, 599999.9999999997) 100.0	59902.95410156247
<bound method NeuronalBilayerSonophore.isSilenced of NeuronalBilayerSonophore(32.0 nm, OtsukaSTN)> (500000.0, 1.0, 0.0, 100.0, 1.0, sonic) (0, 599999.9999999997) 100.0	19830.322265624985
<bound method NeuronalBilayerSonophore.isExcited of NeuronalBilayerSonophore(32.0 nm, CorticalRS)> (500000.0, 0.033, 0.05, 100.0, 1.0, sonic) (0, 599999.9999999997) 100.0	71887.20703124997
<bound method NeuronalBilayerSonophore.isExcited of NeuronalBilayerSonophore(32.0 nm, CorticalRS)> (500000.0, 0.032, 0.05, 100.0, 1.0, sonic) (74450.68359374997, 74487.30468749997) 100.0	74468.99414062497
<bound method NeuronalBilayerSonophore.isExcited of NeuronalBilayerSonophore(32.0 nm, CorticalRS)> (500000.0, 0.032, 0.05, 100.0, 1.0, sonic) (74414.06249999997, 74487.30468749997) 100.0	74468.99414062497
<bound method NeuronalBilayerSonophore.isExcited of NeuronalBilayerSonophore(32.0 nm, CorticalRS)> (500000.0, 0.032, 0.05, 100.0, 1.0, sonic) (74414.06249999997, 74560.54687499997) 100.0	74468.99414062497
<bound method NeuronalBilayerSonophore.isExcited of NeuronalBilayerSonophore(32.0 nm, CorticalRS)> (500000.0, 0.032, 0.05, 100.0, 1.0, sonic) (74414.06249999997, 74707.03124999997) 100.0	74468.99414062497
<bound method NeuronalBilayerSonophore.isExcited of NeuronalBilayerSonophore(32.0 nm, CorticalRS)> (500000.0, 0.032, 0.05, 100.0, 1.0, sonic) (74414.06249999997, 74999.99999999996) 100.0	74468.99414062497
<bound method NeuronalBilayerSonophore.isExcited of NeuronalBilayerSonophore(32.0 nm, CorticalRS)> (500000.0, 0.032, 0.05, 100.0, 1.0, sonic) (73828.12499999997, 74999.99999999996) 100.0	74468.99414062497
<bound method NeuronalBilayerSonophore.isExcited of NeuronalBilayerSonophore(32.0 nm, CorticalRS)> (500000.0, 0.032, 0.05, 100.0, 1.0, sonic) (72656.24999999997, 74999.99999999996) 100.0	74468.99414062497
<bound method NeuronalBilayerSonophore.isExcited of NeuronalBilayerSonophore(32.0 nm, CorticalRS)> (500000.0, 0.032, 0.05, 100.0, 1.0, sonic) (70312.49999999997, 74999.99999999996) 100.0	74468.99414062497
<bound method NeuronalBilayerSonophore.isExcited of NeuronalBilayerSonophore(32.0 nm, CorticalRS)> (500000.0, 0.032, 0.05, 100.0, 1.0, sonic) (65624.99999999997, 74999.99999999996) 100.0	74468.99414062497
<bound method NeuronalBilayerSonophore.isExcited of NeuronalBilayerSonophore(32.0 nm, CorticalRS)> (500000.0, 0.032, 0.05, 100.0, 1.0, sonic) (56249.99999999997, 74999.99999999996) 100.0	74468.99414062497
<bound method NeuronalBilayerSonophore.isExcited of NeuronalBilayerSonophore(32.0 nm, CorticalRS)> (500000.0, 0.032, 0.05, 100.0, 1.0, sonic) (37499.99999999998, 74999.99999999996) 100.0	74468.99414062497
<bound method NeuronalBilayerSonophore.isExcited of NeuronalBilayerSonophore(32.0 nm, CorticalRS)> (500000.0, 0.032, 0.05, 100.0, 1.0, sonic) (0, 74999.99999999996) 100.0	74468.99414062497
<bound method NeuronalBilayerSonophore.isExcited of NeuronalBilayerSonophore(32.0 nm, CorticalRS)> (500000.0, 0.032, 0.05, 100.0, 1.0, sonic) (0, 149999.9999999999) 100.0	74468.99414062497
<bound method NeuronalBilayerSonophore.isExcited of NeuronalBilayerSonophore(32.0 nm, CorticalRS)> (500000.0, 0.032, 0.05, 100.0, 1.0, sonic) (0, 299999.9999999998) 100.0	74468.99414062497
<bound method NeuronalBilayerSonophore.isExcited of NeuronalBilayerSonophore(32.0 nm, CorticalRS)> (500000.0, 0.032, 0.05, 100.0, 1.0, sonic) (0, 599999.9999999997) 100.0	74468.99414062497
<bound method NeuronalBilayerSonophore.isExcited of NeuronalBilayerSonophore(32.0 nm, CorticalRS)> (500000.0, 1.0, 0.0, 100.0, 1.0, sonic) (31457.519531249985, 31494.140624999985) 100.0	31475.830078124985
<bound method NeuronalBilayerSonophore.isExcited of NeuronalBilayerSonophore(32.0 nm, CorticalRS)> (500000.0, 1.0, 0.0, 100.0, 1.0, sonic) (31420.898437499985, 31494.140624999985) 100.0	31475.830078124985
<bound method NeuronalBilayerSonophore.isExcited of NeuronalBilayerSonophore(32.0 nm, CorticalRS)> (500000.0, 1.0, 0.0, 100.0, 1.0, sonic) (31347.656249999985, 31494.140624999985) 100.0	31475.830078124985
<bound method NeuronalBilayerSonophore.isExcited of NeuronalBilayerSonophore(32.0 nm, CorticalRS)> (500000.0, 1.0, 0.0, 100.0, 1.0, sonic) (31347.656249999985, 31640.624999999985) 100.0	31475.830078124985
<bound method NeuronalBilayerSonophore.isExcited of NeuronalBilayerSonophore(32.0 nm, CorticalRS)> (500000.0, 1.0, 0.0, 100.0, 1.0, sonic) (31054.687499999985, 31640.624999999985) 100.0	31475.830078124985
<bound method NeuronalBilayerSonophore.isExcited of NeuronalBilayerSonophore(32.0 nm, CorticalRS)> (500000.0, 1.0, 0.0, 100.0, 1.0, sonic) (30468.749999999985, 31640.624999999985) 100.0	31475.830078124985
<bound method NeuronalBilayerSonophore.isExcited of NeuronalBilayerSonophore(32.0 nm, CorticalRS)> (500000.0, 1.0, 0.0, 100.0, 1.0, sonic) (30468.749999999985, 32812.499999999985) 100.0	31475.830078124985
<bound method NeuronalBilayerSonophore.isExcited of NeuronalBilayerSonophore(32.0 nm, CorticalRS)> (500000.0, 1.0, 0.0, 100.0, 1.0, sonic) (28124.999999999985, 32812.499999999985) 100.0	31475.830078124985
<bound method NeuronalBilayerSonophore.isExcited of NeuronalBilayerSonophore(32.0 nm, CorticalRS)> (500000.0, 1.0, 0.0, 100.0, 1.0, sonic) (28124.999999999985, 37499.99999999998) 100.0	31475.830078124985
<bound method NeuronalBilayerSonophore.isExcited of NeuronalBilayerSonophore(32.0 nm, CorticalRS)> (500000.0, 1.0, 0.0, 100.0, 1.0, sonic) (18749.99999999999, 37499.99999999998) 100.0	31475.830078124985
<bound method NeuronalBilayerSonophore.isExcited of NeuronalBilayerSonophore(32.0 nm, CorticalRS)> (500000.0, 1.0, 0.0, 100.0, 1.0, sonic) (0, 37499.99999999998) 100.0	31475.830078124985
<bound method NeuronalBilayerSonophore.isExcited of NeuronalBilayerSonophore(32.0 nm, CorticalRS)> (500000.0, 1.0, 0.0, 100.0, 1.0, sonic) (0, 74999.99999999996) 100.0	31475.830078124985
<bound method NeuronalBilayerSonophore.isExcited of NeuronalBilayerSonophore(32.0 nm, CorticalRS)> (500000.0, 1.0, 0.0, 100.0, 1.0, sonic) (0, 149999.9999999999) 100.0	31475.830078124985
<bound method NeuronalBilayerSonophore.isExcited of NeuronalBilayerSonophore(32.0 nm, CorticalRS)> (500000.0, 1.0, 0.0, 100.0, 1.0, sonic) (0, 299999.9999999998) 100.0	31475.830078124985
<bound method NeuronalBilayerSonophore.isExcited of NeuronalBilayerSonophore(32.0 nm, CorticalRS)> (500000.0, 1.0, 0.0, 100.0, 1.0, sonic) (0, 599999.9999999997) 100.0	31475.830078124985
